  LF_Client.cpp
  Please define _WIN32_WINNT or _WIN32_WINDOWS appropriately. For example:
  - add -D_WIN32_WINNT=0x0601 to the compiler command line; or
  - add _WIN32_WINNT=0x0601 to your project's Preprocessor Definitions.
  Assuming _WIN32_WINNT=0x0601 (i.e. Windows 7 target).
C:\Users\Anton\source\repos\LiakhFlow\LF_NetCommon\LF_Message.h(64,1): warning C4267: =: преобразование из "size_t" в "uint32_t"; возможна потеря данных
C:\Users\Anton\source\repos\LiakhFlow\LF_Client\LF_Client.cpp(97,21): message : выполняется компиляция ссылки на экземпляр шаблон функции "net::message<T> &net::operator <<<std::string>(net::message<T> &,const DataType &)"
          with
          [
              T=CustomMsgTypes,
              DataType=std::string
          ]
C:\Users\Anton\source\repos\LiakhFlow\LF_Client\LF_Client.cpp(97,13): message : выполняется компиляция ссылки на экземпляр шаблон функции "net::message<T> &net::operator <<<std::string>(net::message<T> &,const DataType &)"
          with
          [
              T=CustomMsgTypes,
              DataType=std::string
          ]
C:\Users\Anton\source\repos\LiakhFlow\LF_NetCommon\LF_Message.h(87,1): warning C4267: =: преобразование из "size_t" в "uint32_t"; возможна потеря данных
C:\Users\Anton\source\repos\LiakhFlow\LF_Client\LF_Client.cpp(119,32): message : выполняется компиляция ссылки на экземпляр шаблон функции "net::message<T> &net::operator >><std::chrono::system_clock::time_point>(net::message<T> &,DataType &)"
          with
          [
              T=CustomMsgTypes,
              DataType=std::chrono::system_clock::time_point
          ]
C:\Users\Anton\source\repos\LiakhFlow\LF_Client\LF_Client.cpp(119,21): message : выполняется компиляция ссылки на экземпляр шаблон функции "net::message<T> &net::operator >><std::chrono::system_clock::time_point>(net::message<T> &,DataType &)"
          with
          [
              T=CustomMsgTypes,
              DataType=std::chrono::system_clock::time_point
          ]
  Создание кода
  0 of 2351 functions ( 0.0%) were compiled, the rest were copied from previous compilation.
    0 functions were new in current compilation
    0 functions had inline decision re-evaluated but remain unchanged
  Создание кода завершено
  LF_Client.vcxproj -> C:\Users\Anton\source\repos\LiakhFlow\x64\Release\LF_Client.exe
